Evaluating /home/cta106/CMPT431/assignments/assignment2/page_rank_parallel
====================
Testcase 1 - Executing...
Evaluating strategy 1
/home/cta106/CMPT431/assignments/assignment2/page_rank_parallel --nWorkers 4 --strategy 1 --granularity 1 --nIterations 20 --inputFile /scratch/input_graphs/lj
Test case 1 execution - Exited with exit code : 0
Test case 1 - Evaluating...
Validation successful
Using FLOAT
Your parallel execution time, T : 44.089064 seconds
Expected parallel execution time, T_expected : 46.0 seconds
Ideally, T should be equal to (or less than) T_expected
Evaluation successful
Reading scratchFile...
Using FLOAT
Number of workers : 4
Task decomposition strategy : 1
Iterations : 20
Iterations : 20
Granularity : 1
Reading graph
Created graph

Vertex-based work partitioning
thread_id, num_vertices, num_edges, barrier1_time, barrier2_time, getNextVertex_time, total_time
0, 24237860, 858402860, 0.000045, 0.000305, 0.000000, 44.088523
1, 24237860, 310313820, 1.191216, 0.000114, 0.000000, 44.088501
2, 24237860, 142828900, 1.648333, 0.000076, 0.000000, 44.088451
3, 24237840, 68329880, 1.914767, 0.000025, 0.000000, 44.068896
Sum of page rank : 3987663.750000
Partitioning time (in seconds) : 0.000001
Time taken (in seconds) : 44.089064

Test case 1 - Evaluation script exited with exit code : 0

====================
Testcase 2 - Executing...
Evaluating strategy 2
/home/cta106/CMPT431/assignments/assignment2/page_rank_parallel --nWorkers 4 --strategy 2 --granularity 1 --nIterations 20 --inputFile /scratch/input_graphs/lj
Test case 2 execution - Exited with exit code : 0
Test case 2 - Evaluating...
Validation successful
Using FLOAT
WARNING : Partitioning time higher than expected.
Your partitioning time : 0.046651. Expected : 0.04
Your parallel execution time, T : 23.928338 seconds
Expected parallel execution time, T_expected : 33.0 seconds
Ideally, T should be equal to (or less than) T_expected
Evaluation successful
