Evaluating /home/cta106/CMPT431/assignments/assignment2/page_rank_parallel
====================
Testcase 1 - Executing...
Evaluating strategy 1
/home/cta106/CMPT431/assignments/assignment2/page_rank_parallel --nWorkers 4 --strategy 1 --granularity 1 --nIterations 20 --inputFile /scratch/input_graphs/lj
Test case 1 execution - Exited with exit code : 0
Test case 1 - Evaluating...
Validation successful
Using FLOAT
Your parallel execution time, T : 50.952995 seconds
Expected parallel execution time, T_expected : 46.0 seconds
Ideally, T should be equal to (or less than) T_expected
Evaluation successful
Reading scratchFile...
Using FLOAT
Number of workers : 4
Task decomposition strategy : 1
Iterations : 20
Iterations : 20
Granularity : 1
Reading graph
Created graph

Vertex-based work partitioning
thread_id, num_vertices, num_edges, barrier1_time, barrier2_time, getNextVertex_time, total_time
0, 24237860, 858402860, 0.000041, 0.007418, 0.000000, 50.952395
1, 24237860, 310313820, 1.376025, 0.007123, 0.000000, 50.952382
2, 24237860, 142828900, 1.768895, 0.000183, 0.000000, 50.952326
3, 24237840, 68329880, 2.142329, 0.000040, 0.000000, 50.952274
Sum of page rank : 3987663.750000
Partitioning time (in seconds) : 0.000000
Time taken (in seconds) : 50.952995

Test case 1 - Evaluation script exited with exit code : 0

====================
Testcase 2 - Executing...
Evaluating strategy 2
/home/cta106/CMPT431/assignments/assignment2/page_rank_parallel --nWorkers 4 --strategy 2 --granularity 1 --nIterations 20 --inputFile /scratch/input_graphs/lj
Test case 2 execution - Exited with exit code : 0
Test case 2 - Evaluating...
Validation successful
Using FLOAT
Your parallel execution time, T : 32.561494 seconds
Expected parallel execution time, T_expected : 33.0 seconds
Ideally, T should be equal to (or less than) T_expected
Evaluation successful
Reading scratchFile...
Using FLOAT
Number of workers : 4
Task decomposition strategy : 2
Iterations : 20
Iterations : 20
Granularity : 1
Reading graph
Created graph

Edge-based work partitioning
thread_id, num_vertices, num_edges, barrier1_time, barrier2_time, getNextVertex_time, total_time
0, 6510820, 344969020, 0.167978, 0.050433, 0.000000, 32.531281
1, 10210900, 344968840, 0.171139, 0.061668, 0.000000, 32.531147
2, 18080820, 344968920, 0.335409, 0.050917, 0.000000, 32.531202
3, 62148880, 344968680, 0.000029, 0.000025, 0.000000, 32.530934
Sum of page rank : 3987663.750000
Partitioning time (in seconds) : 0.029660
Time taken (in seconds) : 32.561494

Test case 2 - Evaluation script exited with exit code : 0

====================
Testcase 3 - Executing...
Evaluating strategy 3
/home/cta106/CMPT431/assignments/assignment2/page_rank_parallel --nWorkers 4 --strategy 3 --granularity 1 --nIterations 20 --inputFile /scratch/input_graphs/lj
Test case 3 execution - Exited with exit code : 0
Test case 3 - Evaluating...
Validation successful
EVALUATION FAILED : Total number of edges processed is incorrect(1379874838). Expected 1379875460
Using FLOAT
Your parallel execution time, T : 89.039826 seconds
Expected parallel execution time, T_expected : 91.0 seconds
Ideally, T should be equal to (or less than) T_expected
Evaluation failed.
Ensure that you do not print more data than expected and the expected output format is strictly followed
Reading scratchFile...
Using FLOAT
Number of workers : 4
Task decomposition strategy : 3
Iterations : 20
Iterations : 20
Granularity : 1
Reading graph
Created graph

Dynamic task mapping
thread_id, num_vertices, num_edges, barrier1_time, barrier2_time, getNextVertex_time, total_time
0, 25699856, 363423736, 0.065459, 0.074406, 11.354809, 89.039338
1, 24286967, 325726778, 0.051157, 0.064710, 10.839897, 89.039298
2, 21838678, 328193268, 0.024332, 0.035622, 10.977653, 89.039277
3, 25125919, 362531056, 0.123289, 0.055391, 11.230175, 89.039223
Sum of page rank : 3987663.500000
Partitioning time (in seconds) : 0.000000
Time taken (in seconds) : 89.039826

Test case 3 - Evaluation script exited with exit code : 0

====================
Testcase 4 - Executing...
Evaluating strategy 3
/home/cta106/CMPT431/assignments/assignment2/page_rank_parallel --nWorkers 4 --strategy 3 --granularity 4000 --nIterations 20 --inputFile /scratch/input_graphs/lj
Test case 4 execution - Exited with exit code : 0
Test case 4 - Evaluating...
Validation successful
EVALUATION FAILED : Total number of edges processed is incorrect(1379874838). Expected 1379875460
Using FLOAT
Your parallel execution time, T : 37.212598 seconds
Expected parallel execution time, T_expected : 35.0 seconds
Ideally, T should be equal to (or less than) T_expected
Evaluation failed.
Ensure that you do not print more data than expected and the expected output format is strictly followed
Reading scratchFile...
Using FLOAT
Number of workers : 4
Task decomposition strategy : 3
Iterations : 20
Iterations : 20
Granularity : 4000
Reading graph
Created graph

Dynamic task mapping
thread_id, num_vertices, num_edges, barrier1_time, barrier2_time, getNextVertex_time, total_time
0, 22222284, 321299594, 0.094973, 0.043509, 0.002602, 37.212021
1, 28461855, 412204629, 0.044312, 0.076909, 0.003305, 37.211855
2, 21879142, 292451406, 0.079908, 0.115497, 0.002623, 37.211810
3, 24388139, 353919209, 0.096782, 0.018547, 0.002863, 37.211768
Sum of page rank : 3987663.500000
Partitioning time (in seconds) : 0.000000
Time taken (in seconds) : 37.212598

Test case 4 - Evaluation script exited with exit code : 0

