Evaluating /home/cta106/CMPT431/assignments/assignment2/page_rank_parallel
====================
Testcase 1 - Executing...
Evaluating strategy 1
/home/cta106/CMPT431/assignments/assignment2/page_rank_parallel --nWorkers 4 --strategy 1 --granularity 1 --nIterations 20 --inputFile /scratch/input_graphs/lj
Test case 1 execution - Exited with exit code : 0
Test case 1 - Evaluating...
Validation successful
Using FLOAT
Your parallel execution time, T : 41.725901 seconds
Expected parallel execution time, T_expected : 46.0 seconds
Ideally, T should be equal to (or less than) T_expected
Evaluation successful
Reading scratchFile...
Using FLOAT
Number of workers : 4
Task decomposition strategy : 1
Iterations : 20
Iterations : 20
Granularity : 1
Reading graph
Created graph

Vertex-based work partitioning
thread_id, num_vertices, num_edges, barrier1_time, barrier2_time, getNextVertex_time, total_time
0, 24237860, 858402860, 0.000043, 0.000217, 0.000000, 41.725275
1, 24237860, 310313820, 1.110090, 0.000066, 0.000000, 41.725253
2, 24237860, 142828900, 1.563921, 0.000059, 0.000000, 41.725214
3, 24237840, 68329880, 1.835336, 0.000030, 0.000000, 41.706663
Sum of page rank : 3987663.750000
Partitioning time (in seconds) : 0.000000
Time taken (in seconds) : 41.725901

Test case 1 - Evaluation script exited with exit code : 0

====================
Testcase 2 - Executing...
Evaluating strategy 2
/home/cta106/CMPT431/assignments/assignment2/page_rank_parallel --nWorkers 4 --strategy 2 --granularity 1 --nIterations 20 --inputFile /scratch/input_graphs/lj
Test case 2 execution - Exited with exit code : 0
Test case 2 - Evaluating...
Validation successful
Using FLOAT
Your parallel execution time, T : 24.128382 seconds
Expected parallel execution time, T_expected : 33.0 seconds
Ideally, T should be equal to (or less than) T_expected
Evaluation successful
Reading scratchFile...
Using FLOAT
Number of workers : 4
Task decomposition strategy : 2
Iterations : 20
Iterations : 20
Granularity : 1
Reading graph
Created graph

Edge-based work partitioning
thread_id, num_vertices, num_edges, barrier1_time, barrier2_time, getNextVertex_time, total_time
0, 6510820, 344969020, 0.075970, 0.104592, 0.000000, 24.100944
1, 10210900, 344968840, 0.077552, 0.097522, 0.000000, 24.100931
2, 18080820, 344968920, 0.002210, 0.082569, 0.000000, 24.097065
3, 62148880, 344968680, 0.000043, 0.000041, 0.000000, 24.100740
Sum of page rank : 3987663.750000
Partitioning time (in seconds) : 0.026859
Time taken (in seconds) : 24.128382

Test case 2 - Evaluation script exited with exit code : 0

====================
Testcase 3 - Executing...
Evaluating strategy 3
/home/cta106/CMPT431/assignments/assignment2/page_rank_parallel --nWorkers 4 --strategy 3 --granularity 1 --nIterations 20 --inputFile /scratch/input_graphs/lj
Test case 3 execution - Exited with exit code : 0
Test case 3 - Evaluating...
Validation successful
Using FLOAT
Your parallel execution time, T : 68.392343 seconds
Expected parallel execution time, T_expected : 91.0 seconds
Ideally, T should be equal to (or less than) T_expected
Evaluation successful
Reading scratchFile...
Using FLOAT
Number of workers : 4
Task decomposition strategy : 3
Iterations : 20
Iterations : 20
Granularity : 1
Reading graph
Created graph

Dynamic task mapping
Sum of page rank : 3987663.500000
Time taken (in seconds) : 68.392343
thread_id, num_vertices, num_edges, barrier1_time, barrier2_time, getNextVertex_time, total_time
0, 24187466, 344458696, 0.001329, 0.001115, 7.595575, 68.391762
1, 24252156, 345209839, 0.001346, 0.001137, 7.578509, 68.391736
2, 24252492, 344951904, 0.001366, 0.001089, 7.579832, 68.391683
3, 24259306, 345255021, 0.001332, 0.001118, 7.579429, 68.391627
Sum of page rank : 3987663.500000
Partitioning time (in seconds) : 0.000000
Time taken (in seconds) : 68.392343

Test case 3 - Evaluation script exited with exit code : 0

====================
Testcase 4 - Executing...
Evaluating strategy 3
/home/cta106/CMPT431/assignments/assignment2/page_rank_parallel --nWorkers 4 --strategy 3 --granularity 4000 --nIterations 20 --inputFile /scratch/input_graphs/lj
Test case 4 execution - Exited with exit code : 0
Test case 4 - Evaluating...
Validation successful
Using FLOAT
Your parallel execution time, T : 25.953827 seconds
Expected parallel execution time, T_expected : 35.0 seconds
Ideally, T should be equal to (or less than) T_expected
Evaluation successful
Reading scratchFile...
Using FLOAT
Number of workers : 4
Task decomposition strategy : 3
Iterations : 20
Iterations : 20
Granularity : 4000
Reading graph
Created graph

Dynamic task mapping
Sum of page rank : 3987663.500000
Time taken (in seconds) : 25.953827
thread_id, num_vertices, num_edges, barrier1_time, barrier2_time, getNextVertex_time, total_time
0, 24239142, 344974538, 0.001831, 0.001758, 0.002639, 25.953146
1, 24239571, 344054799, 0.001695, 0.001635, 0.002539, 25.953095
2, 24236997, 344551491, 0.001341, 0.001073, 0.002513, 25.953052
3, 24235710, 346294632, 0.001539, 0.001010, 0.002596, 25.952873
Sum of page rank : 3987663.500000
Partitioning time (in seconds) : 0.000000
Time taken (in seconds) : 25.953827

Test case 4 - Evaluation script exited with exit code : 0

