Evaluating /home/cta106/CMPT431/assignments/assignment1/pi_calculation
Executing Testcase1
Using 4 workers
/home/cta106/CMPT431/assignments/assignment1/pi_calculation --nWorkers 4 --nPoints 500000007
Test case 1 exited with exit code : 0
Evaluating Test case 1...
Validation successful
Your parallel execution time, T : 4.60447 seconds
Expected parallel execution time, T_expected : 5.0 seconds
Ideally, T should be equal to (or less than) T_expected
Evaluation successful
Evaluation script exited with exit code : 0

Executing Testcase2
Using 4 workers
/home/cta106/CMPT431/assignments/assignment1/pi_calculation --nWorkers 4 --nPoints 2000000007
Test case 2 exited with exit code : 0
Evaluating Test case 2...
Validation successful
Your parallel execution time, T : 18.2515 seconds
Expected parallel execution time, T_expected : 19.0 seconds
Ideally, T should be equal to (or less than) T_expected
Evaluation successful
Evaluation script exited with exit code : 0
