Evaluating /home/cta106/CMPT431/assignments/assignment2/page_rank_parallel
====================
Testcase 1 - Executing...
Evaluating strategy 1
/home/cta106/CMPT431/assignments/assignment2/page_rank_parallel --nWorkers 4 --strategy 1 --granularity 1 --nIterations 20 --inputFile /scratch/input_graphs/lj
Test case 1 execution - Exited with exit code : 0
Test case 1 - Evaluating...
Validation successful
Using FLOAT
Your parallel execution time, T : 49.281671 seconds
Expected parallel execution time, T_expected : 46.0 seconds
Ideally, T should be equal to (or less than) T_expected
Evaluation successful
Reading scratchFile...
Using FLOAT
Number of workers : 4
Task decomposition strategy : 1
Iterations : 20
Iterations : 20
Granularity : 1
Reading graph
Created graph

Vertex-based work partitioning
thread_id, num_vertices, num_edges, barrier1_time, barrier2_time, getNextVertex_time, total_time
0, 24237860, 858402860, 0.000040, 0.000434, 0.000000, 49.280961
1, 24237860, 310313820, 1.059110, 0.000183, 0.000000, 49.280922
2, 24237860, 142828900, 1.495986, 0.000026, 0.000000, 49.280882
3, 24237840, 68329880, 1.741255, 0.000116, 0.000000, 49.280719
Sum of page rank : 3987663.750000
Partitioning time (in seconds) : 0.000001
Time taken (in seconds) : 49.281671

Test case 1 - Evaluation script exited with exit code : 0

====================
Testcase 2 - Executing...
Evaluating strategy 2
/home/cta106/CMPT431/assignments/assignment2/page_rank_parallel --nWorkers 4 --strategy 2 --granularity 1 --nIterations 20 --inputFile /scratch/input_graphs/lj
Test case 2 execution - Exited with exit code : 0
Test case 2 - Evaluating...
Validation successful
Using FLOAT
Your parallel execution time, T : 24.28573 seconds
Expected parallel execution time, T_expected : 33.0 seconds
Ideally, T should be equal to (or less than) T_expected
Evaluation successful
Reading scratchFile...
Using FLOAT
Number of workers : 4
Task decomposition strategy : 2
Iterations : 20
Iterations : 20
Granularity : 1
Reading graph
Created graph

Edge-based work partitioning
thread_id, num_vertices, num_edges, barrier1_time, barrier2_time, getNextVertex_time, total_time
0, 6510820, 344969020, 0.086536, 0.102615, 0.000000, 24.258699
1, 10210900, 344968840, 0.087205, 0.095514, 0.000000, 24.258651
2, 18080820, 344968920, 0.031176, 0.080659, 0.000000, 24.258635
3, 62148880, 344968680, 0.000037, 0.000026, 0.000000, 24.244249
Sum of page rank : 3987663.750000
Partitioning time (in seconds) : 0.026411
Time taken (in seconds) : 24.285730

Test case 2 - Evaluation script exited with exit code : 0

====================
Testcase 3 - Executing...
Evaluating strategy 3
/home/cta106/CMPT431/assignments/assignment2/page_rank_parallel --nWorkers 4 --strategy 3 --granularity 1 --nIterations 20 --inputFile /scratch/input_graphs/lj
Test case 3 execution - Exited with exit code : 0
Test case 3 - Evaluating...
Validation successful
Using FLOAT
Your parallel execution time, T : 70.19931 seconds
Expected parallel execution time, T_expected : 91.0 seconds
Ideally, T should be equal to (or less than) T_expected
Evaluation successful
Reading scratchFile...
Using FLOAT
Number of workers : 4
Task decomposition strategy : 3
Iterations : 20
Iterations : 20
Granularity : 1
Reading graph
Created graph

Dynamic task mapping
Sum of page rank : 3987663.500000
Time taken (in seconds) : 70.199310
thread_id, num_vertices, num_edges, barrier1_time, barrier2_time, getNextVertex_time, total_time
0, 24236897, 345097850, 0.001241, 0.001121, 7.554213, 70.198775
1, 24232275, 344730708, 0.001233, 0.001081, 7.546375, 70.198751
2, 24232032, 344844285, 0.001230, 0.001111, 7.565742, 70.198713
3, 24250216, 345202617, 0.001222, 0.001103, 7.561866, 70.198643
Sum of page rank : 3987663.500000
Partitioning time (in seconds) : 0.000000
Time taken (in seconds) : 70.199310

Test case 3 - Evaluation script exited with exit code : 0

====================
Testcase 4 - Executing...
Evaluating strategy 3
/home/cta106/CMPT431/assignments/assignment2/page_rank_parallel --nWorkers 4 --strategy 3 --granularity 4000 --nIterations 20 --inputFile /scratch/input_graphs/lj
Test case 4 execution - Exited with exit code : 0
Test case 4 - Evaluating...
Validation successful
Using FLOAT
Your parallel execution time, T : 25.995837 seconds
Expected parallel execution time, T_expected : 35.0 seconds
Ideally, T should be equal to (or less than) T_expected
Evaluation successful
Reading scratchFile...
Using FLOAT
Number of workers : 4
Task decomposition strategy : 3
Iterations : 20
Iterations : 20
Granularity : 4000
Reading graph
Created graph

Dynamic task mapping
Sum of page rank : 3987663.500000
Time taken (in seconds) : 25.995837
thread_id, num_vertices, num_edges, barrier1_time, barrier2_time, getNextVertex_time, total_time
0, 24258284, 346453287, 0.001630, 0.001406, 0.002578, 25.995262
1, 24259142, 344477908, 0.001323, 0.001585, 0.002543, 25.995240
2, 24178713, 343259565, 0.001477, 0.001054, 0.002506, 25.995194
3, 24255281, 345684700, 0.001468, 0.000727, 0.002492, 25.995019
Sum of page rank : 3987663.500000
Partitioning time (in seconds) : 0.000000
Time taken (in seconds) : 25.995837

Test case 4 - Evaluation script exited with exit code : 0

